<?xml version="1.0" encoding="UTF-8"?>
<testsuite xmlns:xsi="http://www.w3.org/2001/XMLSchema-instance" xsi:noNamespaceSchemaLocation="https://maven.apache.org/surefire/maven-surefire-plugin/xsd/surefire-test-report.xsd" name="LoginServletTest" time="1.033" tests="6" errors="0" skipped="0" failures="0">
  <properties>
[...]
</properties>
  <testcase name="testNullPassword" classname="LoginServletTest" time="0.9"/>
  <testcase name="testEmptyUsername" classname="LoginServletTest" time="0.002"/>
  <testcase name="testFailedLogin" classname="LoginServletTest" time="0.001"/>
  <testcase name="testEmptyPassword" classname="LoginServletTest" time="0.002"/>
  <testcase name="testSuccessfulLogin" classname="LoginServletTest" time="0.004"/>
  <testcase name="testNullUsername" classname="LoginServletTest" time="0.003"/>
</testsuite>